9/26/13 3:15:30 PM org.neo4j.server.CommunityBootstrapper WARNING: WARNING! You are using an unsupported Java runtime. Please use Oracle(R) Java(TM) Runtime Environment 7.
9/26/13 3:15:31 PM org.neo4j.server.AbstractNeoServer INFO: Setting startup timeout to: 120000ms based on -1
9/26/13 3:15:32 PM org.neo4j.server.database.Database INFO: Loaded neo4j tuning properties from conf/neo4j.properties
15:15:32.203 [main] WARN  o.neo4j.kernel.EmbeddedGraphDatabase - WARNING! You are using an unsupported Java runtime. Please use Oracle(R) Java(TM) Runtime Environment 7.
9/26/13 3:15:35 PM org.neo4j.server.database.Database INFO: Successfully started database
9/26/13 3:15:35 PM org.neo4j.server.AbstractNeoServer INFO: Starting Neo Server on port [7474] with [40] threads available
9/26/13 3:15:35 PM org.neo4j.server.AbstractNeoServer INFO: Enabling HTTPS on port [7473]
9/26/13 3:15:35 PM org.neo4j.server.AbstractNeoServer INFO: No SSL certificate found, generating a self-signed certificate..
9/26/13 3:15:37 PM org.neo4j.server.modules.DiscoveryModule INFO: Mounted discovery module at [/]
9/26/13 3:15:37 PM org.neo4j.server.plugins.PluginManager INFO: Loaded server plugin "CypherPlugin"
9/26/13 3:15:37 PM org.neo4j.server.plugins.PluginManager INFO: Loaded server plugin "GremlinPlugin"
9/26/13 3:15:37 PM org.neo4j.server.modules.RESTApiModule INFO: Mounted REST API at [/db/data/]
9/26/13 3:15:37 PM org.neo4j.server.modules.ManagementApiModule INFO: Mounted management API at [/db/manage/]
9/26/13 3:15:37 PM org.neo4j.server.modules.WebAdminModule INFO: Mounted webadmin at [/webadmin]
15:15:37.620 [main] INFO  org.mortbay.log - Logging to Logger[org.mortbay.log] via org.mortbay.log.Slf4jLog
9/26/13 3:15:37 PM org.neo4j.server.web.Jetty6WebServer INFO: Mounting static content at [/webadmin] from [webadmin-html]
15:15:37.668 [main] INFO  org.mortbay.log - jetty-6.1.25
15:15:37.731 [main] INFO  org.mortbay.log - NO JSP Support for /webadmin, did not find org.apache.jasper.servlet.JspServlet
15:15:38.832 [main] INFO  org.mortbay.log - Started SelectChannelConnector@localhost:7474
15:15:38.997 [main] INFO  org.mortbay.log - Started SslSocketConnector@localhost:7473
9/26/13 3:15:38 PM org.neo4j.server.AbstractNeoServer INFO: Server started on [http://localhost:7474/]
9/26/13 3:16:08 PM org.neo4j.server.webadmin.rest.console.SessionFactoryImpl INFO: Available console sessions: SHELL: class org.neo4j.server.webadmin.console.ShellSessionCreator
CYPHER: class org.neo4j.server.webadmin.console.CypherSessionCreator
GREMLIN: class org.neo4j.server.webadmin.console.GremlinSessionCreator

