Connecting to database specified by database.yml
Connecting to database specified by database.yml
Connecting to database specified by database.yml
Connecting to database specified by database.yml
  [1m[36m (0.1ms)[0m  [1mselect sqlite_version(*)[0m
  [1m[35m (120.4ms)[0m  CREATE TABLE "schema_migrations" ("version" varchar(255) NOT NULL) 
  [1m[36m (111.2ms)[0m  [1mCREATE UNIQUE INDEX "unique_schema_migrations" ON "schema_migrations" ("version")[0m
  [1m[35m (21.7ms)[0m  SELECT "schema_migrations"."version" FROM "schema_migrations" 
Migrating to CreateResults (20130926055601)
  [1m[36m (0.0ms)[0m  [1mbegin transaction[0m
  [1m[35m (0.3ms)[0m  CREATE TABLE "results" ("id" INTEGER PRIMARY KEY AUTOINCREMENT NOT NULL, "rproduct_id" varchar(255), "user_id" varchar(255), "product_id" varchar(255), "created_at" datetime NOT NULL, "updated_at" datetime NOT NULL) 
  [1m[36m (0.1ms)[0m  [1mINSERT INTO "schema_migrations" ("version") VALUES ('20130926055601')[0m
  [1m[35m (129.8ms)[0m  commit transaction
  [1m[36m (0.2ms)[0m  [1mSELECT "schema_migrations"."version" FROM "schema_migrations" [0m
Connecting to database specified by database.yml
Connecting to database specified by database.yml
  [1m[36m (0.8ms)[0m  [1mSELECT "schema_migrations"."version" FROM "schema_migrations" [0m
Migrating to CreateResults (20130926055601)
Migrating to CreateBranches (20130926060018)
  [1m[35m (0.0ms)[0m  select sqlite_version(*)
  [1m[36m (0.0ms)[0m  [1mbegin transaction[0m
  [1m[35m (0.3ms)[0m  CREATE TABLE "branches" ("id" INTEGER PRIMARY KEY AUTOINCREMENT NOT NULL, "user_id" varchar(255), "relationship" varchar(255), "product_id" varchar(255), "created_at" datetime NOT NULL, "updated_at" datetime NOT NULL) 
  [1m[36m (0.1ms)[0m  [1mINSERT INTO "schema_migrations" ("version") VALUES ('20130926060018')[0m
  [1m[35m (134.9ms)[0m  commit transaction
  [1m[36m (0.2ms)[0m  [1mSELECT "schema_migrations"."version" FROM "schema_migrations" [0m
Connecting to database specified by database.yml


Started GET "/" for 127.0.0.1 at 2013-09-26 13:39:10 +0700

ActionController::RoutingError (No route matches [GET] "/"):
  actionpack (3.2.13) lib/action_dispatch/middleware/debug_exceptions.rb:21:in `call'
  actionpack (3.2.13) lib/action_dispatch/middleware/show_exceptions.rb:56:in `call'
  railties (3.2.13) lib/rails/rack/logger.rb:32:in `call_app'
  railties (3.2.13) lib/rails/rack/logger.rb:16:in `block in call'
  activesupport (3.2.13) lib/active_support/tagged_logging.rb:22:in `tagged'
  railties (3.2.13) lib/rails/rack/logger.rb:16:in `call'
  actionpack (3.2.13) lib/action_dispatch/middleware/request_id.rb:22:in `call'
  rack (1.4.5) lib/rack/methodoverride.rb:21:in `call'
  rack (1.4.5) lib/rack/runtime.rb:17:in `call'
  activesupport (3.2.13) lib/active_support/cache/strategy/local_cache.rb:72:in `call'
  rack (1.4.5) lib/rack/lock.rb:15:in `call'
  actionpack (3.2.13) lib/action_dispatch/middleware/static.rb:63:in `call'
  railties (3.2.13) lib/rails/engine.rb:479:in `call'
  railties (3.2.13) lib/rails/application.rb:223:in `call'
  rack (1.4.5) lib/rack/content_length.rb:14:in `call'
  railties (3.2.13) lib/rails/rack/log_tailer.rb:17:in `call'
  rack (1.4.5) lib/rack/handler/webrick.rb:59:in `service'
  /home/david/.rvm/rubies/ruby-1.9.3-p392/lib/ruby/1.9.1/webrick/httpserver.rb:138:in `service'
  /home/david/.rvm/rubies/ruby-1.9.3-p392/lib/ruby/1.9.1/webrick/httpserver.rb:94:in `run'
  /home/david/.rvm/rubies/ruby-1.9.3-p392/lib/ruby/1.9.1/webrick/server.rb:191:in `block in start_thread'


  Rendered /home/david/.rvm/gems/ruby-1.9.3-p392/gems/actionpack-3.2.13/lib/action_dispatch/middleware/templates/rescues/routing_error.erb within rescues/layout (1.9ms)


Started GET "/" for 127.0.0.1 at 2013-09-26 13:39:39 +0700
Processing by ResultsController#index as HTML
  Rendered results/index.html.erb within layouts/application (4.3ms)
Completed 500 Internal Server Error in 40ms

ActionView::Template::Error (undefined method `model_name' for NilClass:Class):
    1: <h1>Recommendation Generator</h1>
    2: <%= form_for (@rec),url: { action: "generate" },html: { :remote => true } do |f| %>
    3: <%= f.text_field :product_id %>
    4: <%= f.submit "Generate" %>
    5: <% end %>
  app/views/results/index.html.erb:2:in `_app_views_results_index_html_erb___1217728187189382271_70270769483840'


  Rendered /home/david/.rvm/gems/ruby-1.9.3-p392/gems/actionpack-3.2.13/lib/action_dispatch/middleware/templates/rescues/_trace.erb (16.7ms)
  Rendered /home/david/.rvm/gems/ruby-1.9.3-p392/gems/actionpack-3.2.13/lib/action_dispatch/middleware/templates/rescues/_request_and_response.erb (0.8ms)
  Rendered /home/david/.rvm/gems/ruby-1.9.3-p392/gems/actionpack-3.2.13/lib/action_dispatch/middleware/templates/rescues/template_error.erb within rescues/layout (21.7ms)


Started GET "/" for 127.0.0.1 at 2013-09-26 13:40:05 +0700
Processing by ResultsController#index as HTML
  Rendered results/index.html.erb within layouts/application (2.1ms)
Compiled results.css  (51ms)  (pid 9793)
Compiled application.css  (63ms)  (pid 9793)
Compiled jquery.js  (20ms)  (pid 9793)
Compiled jquery_ujs.js  (0ms)  (pid 9793)
Compiled results.js  (558ms)  (pid 9793)
Compiled application.js  (630ms)  (pid 9793)
Completed 200 OK in 729ms (Views: 728.8ms | ActiveRecord: 0.0ms)


Started GET "/assets/application.css?body=1" for 127.0.0.1 at 2013-09-26 13:40:05 +0700
Served asset /application.css - 304 Not Modified (22ms)


Started GET "/assets/results.css?body=1" for 127.0.0.1 at 2013-09-26 13:40:05 +0700
Served asset /results.css - 200 OK (4ms)


Started GET "/assets/jquery_ujs.js?body=1" for 127.0.0.1 at 2013-09-26 13:40:05 +0700
Served asset /jquery_ujs.js - 304 Not Modified (1ms)


Started GET "/assets/jquery.js?body=1" for 127.0.0.1 at 2013-09-26 13:40:05 +0700
Served asset /jquery.js - 304 Not Modified (4ms)


Started GET "/assets/application.js?body=1" for 127.0.0.1 at 2013-09-26 13:40:05 +0700
Served asset /application.js - 304 Not Modified (8ms)


Started GET "/assets/results.js?body=1" for 127.0.0.1 at 2013-09-26 13:40:05 +0700
Served asset /results.js - 200 OK (1ms)


Started POST "/generate" for 127.0.0.1 at 2013-09-26 13:40:10 +0700
Processing by ResultsController#generate as JS
  Parameters: {"utf8"=>"✓", "authenticity_token"=>"6NWuVl7zCxt8KK2hWSMqqhGGRznODLfpwh1IGzqLlUQ=", "result"=>{"product_id"=>""}, "commit"=>"Generate"}
  Rendered results/_recomm.html.erb (0.3ms)
  Rendered results/generate.js.erb (45.4ms)
Completed 200 OK in 49ms (Views: 48.1ms | ActiveRecord: 0.0ms)
Connecting to database specified by database.yml


Started GET "/" for 127.0.0.1 at 2013-09-26 14:21:34 +0700
Processing by ResultsController#index as HTML
  Rendered results/index.html.erb within layouts/application (3.5ms)
Completed 200 OK in 95ms (Views: 58.6ms | ActiveRecord: 1.4ms)


Started GET "/assets/application.css?body=1" for 127.0.0.1 at 2013-09-26 14:21:34 +0700
Served asset /application.css - 304 Not Modified (7ms)


Started GET "/assets/results.css?body=1" for 127.0.0.1 at 2013-09-26 14:21:34 +0700
Served asset /results.css - 304 Not Modified (1ms)


Started GET "/assets/jquery.js?body=1" for 127.0.0.1 at 2013-09-26 14:21:34 +0700
Served asset /jquery.js - 304 Not Modified (4ms)


Started GET "/assets/jquery_ujs.js?body=1" for 127.0.0.1 at 2013-09-26 14:21:34 +0700
Served asset /jquery_ujs.js - 304 Not Modified (3ms)


Started GET "/assets/results.js?body=1" for 127.0.0.1 at 2013-09-26 14:21:34 +0700
Served asset /results.js - 304 Not Modified (1ms)


Started GET "/assets/application.js?body=1" for 127.0.0.1 at 2013-09-26 14:21:34 +0700
Served asset /application.js - 304 Not Modified (4ms)


Started POST "/generate" for 127.0.0.1 at 2013-09-26 14:21:35 +0700
Processing by ResultsController#generate as JS
  Parameters: {"utf8"=>"✓", "authenticity_token"=>"6NWuVl7zCxt8KK2hWSMqqhGGRznODLfpwh1IGzqLlUQ=", "result"=>{"product_id"=>""}, "commit"=>"Generate"}
  Rendered results/_recomm.html.erb (0.3ms)
  Rendered results/generate.js.erb (19.5ms)
Completed 200 OK in 22ms (Views: 21.4ms | ActiveRecord: 0.0ms)
Connecting to database specified by database.yml
Connecting to database specified by database.yml
Connecting to database specified by database.yml
