9/19/13 11:26:55 AM org.neo4j.server.CommunityBootstrapper WARNING: WARNING! You are using an unsupported Java runtime. Please use Oracle(R) Java(TM) Runtime Environment 7.
9/19/13 11:26:56 AM org.neo4j.server.AbstractNeoServer INFO: Setting startup timeout to: 120000ms based on -1
9/19/13 11:26:56 AM org.neo4j.server.database.Database INFO: Loaded neo4j tuning properties from conf/neo4j.properties
11:26:56.249 [main] WARN  o.neo4j.kernel.EmbeddedGraphDatabase - WARNING! You are using an unsupported Java runtime. Please use Oracle(R) Java(TM) Runtime Environment 7.
9/19/13 11:26:58 AM org.neo4j.server.database.Database INFO: Successfully started database
9/19/13 11:26:58 AM org.neo4j.server.AbstractNeoServer INFO: Starting Neo Server on port [7474] with [40] threads available
9/19/13 11:26:59 AM org.neo4j.server.AbstractNeoServer INFO: Enabling HTTPS on port [7473]
9/19/13 11:26:59 AM org.neo4j.server.AbstractNeoServer INFO: No SSL certificate found, generating a self-signed certificate..
9/19/13 11:26:59 AM org.neo4j.server.modules.DiscoveryModule INFO: Mounted discovery module at [/]
9/19/13 11:26:59 AM org.neo4j.server.plugins.PluginManager INFO: Loaded server plugin "CypherPlugin"
9/19/13 11:26:59 AM org.neo4j.server.plugins.PluginManager INFO: Loaded server plugin "GremlinPlugin"
9/19/13 11:26:59 AM org.neo4j.server.modules.RESTApiModule INFO: Mounted REST API at [/db/data/]
9/19/13 11:26:59 AM org.neo4j.server.modules.ManagementApiModule INFO: Mounted management API at [/db/manage/]
9/19/13 11:26:59 AM org.neo4j.server.modules.WebAdminModule INFO: Mounted webadmin at [/webadmin]
11:26:59.845 [main] INFO  org.mortbay.log - Logging to Logger[org.mortbay.log] via org.mortbay.log.Slf4jLog
9/19/13 11:26:59 AM org.neo4j.server.web.Jetty6WebServer INFO: Mounting static content at [/webadmin] from [webadmin-html]
11:26:59.957 [main] INFO  org.mortbay.log - jetty-6.1.25
11:27:00.029 [main] INFO  org.mortbay.log - NO JSP Support for /webadmin, did not find org.apache.jasper.servlet.JspServlet
11:27:00.970 [main] INFO  org.mortbay.log - Started SelectChannelConnector@localhost:7474
11:27:01.117 [main] INFO  org.mortbay.log - Started SslSocketConnector@localhost:7473
9/19/13 11:27:01 AM org.neo4j.server.AbstractNeoServer INFO: Server started on [http://localhost:7474/]
9/19/13 11:27:47 AM org.neo4j.server.webadmin.rest.console.SessionFactoryImpl INFO: Available console sessions: SHELL: class org.neo4j.server.webadmin.console.ShellSessionCreator
CYPHER: class org.neo4j.server.webadmin.console.CypherSessionCreator
GREMLIN: class org.neo4j.server.webadmin.console.GremlinSessionCreator

